TN:
SF:src\router.ts
FN:24,(anonymous_0)
FN:37,(anonymous_1)
FNF:2
FNH:2
FNDA:4,(anonymous_0)
FNDA:5,(anonymous_1)
DA:1,2
DA:2,2
DA:3,2
DA:4,2
DA:6,2
DA:9,2
DA:11,2
DA:17,2
DA:24,4
DA:29,2
DA:37,5
DA:43,2
DA:49,2
DA:55,2
LF:14
LH:14
BRF:0
BRH:0
end_of_record
TN:
SF:src\server.ts
FN:9,connetDB
FN:31,(anonymous_2)
FNF:2
FNH:2
FNDA:2,connetDB
FNDA:1,(anonymous_2)
DA:2,2
DA:3,2
DA:5,2
DA:6,2
DA:10,2
DA:11,2
DA:12,1
DA:15,0
DA:16,0
DA:19,2
DA:23,2
DA:26,2
DA:29,2
DA:31,2
DA:32,1
DA:35,2
LF:16
LH:14
BRF:0
BRH:0
end_of_record
TN:
SF:src\config\db.ts
FNF:0
FNH:0
DA:1,2
DA:2,2
DA:5,2
DA:8,2
DA:13,2
LF:5
LH:5
BRF:0
BRH:0
end_of_record
TN:
SF:src\handlers\products.ts
FN:6,(anonymous_1)
FN:22,(anonymous_2)
FN:40,(anonymous_3)
FN:68,(anonymous_4)
FN:85,(anonymous_5)
FN:102,(anonymous_6)
FNF:6
FNH:5
FNDA:2,(anonymous_1)
FNDA:2,(anonymous_2)
FNDA:1,(anonymous_3)
FNDA:2,(anonymous_4)
FNDA:0,(anonymous_5)
FNDA:2,(anonymous_6)
DA:2,2
DA:6,2
DA:7,2
DA:8,2
DA:15,2
DA:17,0
DA:22,2
DA:23,2
DA:24,2
DA:25,2
DA:27,2
DA:28,1
DA:33,1
DA:35,0
DA:40,2
DA:41,1
DA:54,1
DA:61,1
DA:63,0
DA:68,2
DA:69,2
DA:70,2
DA:72,2
DA:73,1
DA:79,1
DA:80,1
DA:82,1
DA:85,2
DA:86,0
DA:87,0
DA:89,0
DA:90,0
DA:96,0
DA:97,0
DA:99,0
DA:102,2
DA:103,2
DA:104,2
DA:106,2
DA:107,1
DA:112,1
DA:113,1
LF:42
LH:32
BRDA:27,0,0,1
BRDA:72,1,0,1
BRDA:89,2,0,0
BRDA:106,3,0,1
BRF:4
BRH:3
end_of_record
TN:
SF:src\middleware\index.ts
FN:5,(anonymous_0)
FNF:1
FNH:1
FNDA:15,(anonymous_0)
DA:2,2
DA:5,2
DA:7,15
DA:8,15
DA:9,8
DA:12,7
LF:6
LH:6
BRDA:8,0,0,8
BRF:1
BRH:1
end_of_record
TN:
SF:src\models\Product.model.ts
FNF:0
FNH:0
DA:1,2
DA:7,2
DA:11,2
DA:16,2
DA:22,2
DA:24,2
LF:6
LH:6
BRF:0
BRH:0
end_of_record
